<?xml version="1.0" encoding="UTF-8"?>
<!-- Generated by org.testng.reporters.JUnitReportReporter -->
<testsuite hostname="Vamsis-MacBook-Pro.local" failures="0" tests="1" name="qa.fastspring.AppTest" time="0.027" errors="0" timestamp="01 Sep 2018 19:15:46 GMT" skipped="0">
  <testcase classname="qa.fastspring.AppTest" name="shouldAnswerWithTrue" time="0.027"/>
</testsuite> <!-- qa.fastspring.AppTest -->
