<?xml version="1.0" encoding="UTF-8"?>
<!-- Generated by org.testng.reporters.JUnitReportReporter -->
<testsuite hostname="Vamsis-MacBook-Pro.local" failures="0" tests="1" name="qa.fastspring.AppTest" time="0.023" errors="0" timestamp="31 Aug 2018 11:49:54 GMT" skipped="0">
  <testcase classname="qa.fastspring.AppTest" name="shouldAnswerWithTrue" time="0.023"/>
</testsuite> <!-- qa.fastspring.AppTest -->
